0 info it worked if it ends with ok
1 verbose cli [ '/home/lauren/.nvm/versions/node/v5.11.1/bin/node',
1 verbose cli   '/home/lauren/.nvm/versions/node/v5.11.1/bin/npm',
1 verbose cli   'run',
1 verbose cli   'test' ]
2 info using npm@3.8.6
3 info using node@v5.11.1
4 verbose run-script [ 'pretest', 'test', 'posttest' ]
5 info lifecycle conways@0.0.1~pretest: conways@0.0.1
6 silly lifecycle conways@0.0.1~pretest: no script for pretest, continuing
7 info lifecycle conways@0.0.1~test: conways@0.0.1
8 verbose lifecycle conways@0.0.1~test: unsafe-perm in lifecycle true
9 verbose lifecycle conways@0.0.1~test: PATH: /home/lauren/.nvm/versions/node/v5.11.1/lib/node_modules/npm/bin/node-gyp-bin:/home/lauren/workspace/conways/node_modules/.bin:/home/lauren/.nvm/versions/node/v5.11.1/bin:/home/lauren/.linuxbrew/bin:/home/lauren/.nvm/versions/node/v5.11.1/bin:/usr/local/sbin:/usr/local/bin:/usr/sbin:/usr/bin:/sbin:/bin:/usr/games:/usr/local/games:/snap/bin
10 verbose lifecycle conways@0.0.1~test: CWD: /home/lauren/workspace/conways
11 silly lifecycle conways@0.0.1~test: Args: [ '-c', 'tape test/**/*.js | tap-spec' ]
12 silly lifecycle conways@0.0.1~test: Returned: code: 1  signal: null
13 info lifecycle conways@0.0.1~test: Failed to exec test script
14 verbose stack Error: conways@0.0.1 test: `tape test/**/*.js | tap-spec`
14 verbose stack Exit status 1
14 verbose stack     at EventEmitter.<anonymous> (/home/lauren/.nvm/versions/node/v5.11.1/lib/node_modules/npm/lib/utils/lifecycle.js:239:16)
14 verbose stack     at emitTwo (events.js:100:13)
14 verbose stack     at EventEmitter.emit (events.js:185:7)
14 verbose stack     at ChildProcess.<anonymous> (/home/lauren/.nvm/versions/node/v5.11.1/lib/node_modules/npm/lib/utils/spawn.js:24:14)
14 verbose stack     at emitTwo (events.js:100:13)
14 verbose stack     at ChildProcess.emit (events.js:185:7)
14 verbose stack     at maybeClose (internal/child_process.js:850:16)
14 verbose stack     at Process.ChildProcess._handle.onexit (internal/child_process.js:215:5)
15 verbose pkgid conways@0.0.1
16 verbose cwd /home/lauren/workspace/conways
17 error Linux 4.4.0-31-generic
18 error argv "/home/lauren/.nvm/versions/node/v5.11.1/bin/node" "/home/lauren/.nvm/versions/node/v5.11.1/bin/npm" "run" "test"
19 error node v5.11.1
20 error npm  v3.8.6
21 error code ELIFECYCLE
22 error conways@0.0.1 test: `tape test/**/*.js | tap-spec`
22 error Exit status 1
23 error Failed at the conways@0.0.1 test script 'tape test/**/*.js | tap-spec'.
23 error Make sure you have the latest version of node.js and npm installed.
23 error If you do, this is most likely a problem with the conways package,
23 error not with npm itself.
23 error Tell the author that this fails on your system:
23 error     tape test/**/*.js | tap-spec
23 error You can get information on how to open an issue for this project with:
23 error     npm bugs conways
23 error Or if that isn't available, you can get their info via:
23 error     npm owner ls conways
23 error There is likely additional logging output above.
24 verbose exit [ 1, true ]
